Arguments: 
  D:\program\nodejs\node.exe D:\program\nodejs\node_modules\yarn\bin\yarn.js add webpack webpack-cli -D

PATH: 
  C:\Program Files (x86)\Common Files\Oracle\Java\javapath;C:\WINDOWS\system32;C:\WINDOWS;C:\WINDOWS\System32\Wbem;C:\WINDOWS\System32\WindowsPowerShell\v1.0\;C:\WINDOWS\System32\OpenSSH\;D:\program\;D:\program\Git\cmd;D:\program\nvm;D:\program\nodejs;D:\program\bin;D:\program\redis\;D:\program\maven\apache-maven-3.6.3\bin;D:\program\java\jdk\bin;D:\program\java\jdk\jre\bin;D:\program\nvm\v12.14.0;C:\Users\liqian\AppData\Local\Yarn\bin;D:\;C:\Users\liqian\AppData\Local\Microsoft\WindowsApps;C:\Program Files\Bandizip\;D:\program\VSCode\Microsoft VS Code\bin;C:\Users\liqian\AppData\Local\gitkraken\bin;D:\program\nvm;D:\program\nodejs;C:\Users\liqian\AppData\Local\Microsoft\WindowsApps;D:\program\nvm\v12.14.0;

Yarn version: 
  1.22.18

Node version: 
  14.18.0

Platform: 
  win32 x64

Trace: 
  Error: certificate has expired
      at TLSSocket.onConnectSecure (_tls_wrap.js:1515:34)
      at TLSSocket.emit (events.js:400:28)
      at TLSSocket._finishInit (_tls_wrap.js:937:8)
      at TLSWrap.ssl.onhandshakedone (_tls_wrap.js:709:12)

npm manifest: 
  {
    "name": "tick-list-react",
    "version": "1.0.0",
    "main": "index.js",
    "license": "MIT"
  }

yarn manifest: 
  No manifest

Lockfile: 
  No lockfile
