[23:35:52:792] - [restartedMain] [INFO] - c.w.ourtask.OurTaskApplication - Starting OurTaskApplication on LAPTOP-QUCGL4QE with PID 10472 (D:\study\java\our-task\java\target\classes started by daxingyong in D:\study\java\our-task\java)
[23:35:52:799] - [restartedMain] [INFO] - c.w.ourtask.OurTaskApplication - No active profile set, falling back to default profiles: default
[23:35:52:866] - [restartedMain] [INFO] - o.s.b.d.e.DevToolsPropertyDefaultsPostProcessor - Devtools property defaults active! Set 'spring.devtools.add-properties' to 'false' to disable
[23:35:52:866] - [restartedMain] [INFO] - o.s.b.d.e.DevToolsPropertyDefaultsPostProcessor - For additional web related logging consider setting the 'logging.level.web' property to 'DEBUG'
[23:35:54:235] - [restartedMain] [INFO] - o.s.d.r.c.RepositoryConfigurationDelegate - Multiple Spring Data modules found, entering strict repository configuration mode!
[23:35:54:237] - [restartedMain] [INFO] - o.s.d.r.c.RepositoryConfigurationDelegate - Bootstrapping Spring Data Redis repositories in DEFAULT mode.
[23:35:54:275] - [restartedMain] [INFO] - o.s.d.r.c.RepositoryConfigurationDelegate - Finished Spring Data repository scanning in 23ms. Found 0 Redis repository interfaces.
[23:35:54:954] - [restartedMain] [INFO] - o.s.b.w.e.tomcat.TomcatWebServer - Tomcat initialized with port(s): 8888 (http)
[23:35:54:962] - [restartedMain] [INFO] - o.a.coyote.http11.Http11NioProtocol - Initializing ProtocolHandler ["http-nio-8888"]
[23:35:54:962] - [restartedMain] [INFO] - o.a.catalina.core.StandardService - Starting service [Tomcat]
[23:35:54:962] - [restartedMain] [INFO] - o.a.catalina.core.StandardEngine - Starting Servlet engine: [Apache Tomcat/9.0.36]
[23:35:54:964] - [restartedMain] [INFO] - o.a.c.core.AprLifecycleListener - Loaded Apache Tomcat Native library [1.2.23] using APR version [1.7.0].
[23:35:54:964] - [restartedMain] [INFO] - o.a.c.core.AprLifecycleListener - APR capabilities: IPv6 [true], sendfile [true], accept filters [false], random [true].
[23:35:54:964] - [restartedMain] [INFO] - o.a.c.core.AprLifecycleListener - APR/OpenSSL configuration: useAprConnector [false], useOpenSSL [true]
[23:35:54:969] - [restartedMain] [INFO] - o.a.c.core.AprLifecycleListener - OpenSSL successfully initialized [OpenSSL 1.1.1c  28 May 2019]
[23:35:55:058] - [restartedMain] [INFO] - o.a.c.c.C.[Tomcat].[localhost].[/] - Initializing Spring embedded WebApplicationContext
[23:35:55:058] - [restartedMain] [INFO] - o.s.b.w.s.c.ServletWebServerApplicationContext - Root WebApplicationContext: initialization completed in 2192 ms
[23:35:57:391] - [restartedMain] [INFO] - o.s.b.a.e.web.EndpointLinksResolver - Exposing 2 endpoint(s) beneath base path '/actuator'
[23:35:57:550] - [restartedMain] [INFO] - o.s.s.web.DefaultSecurityFilterChain - Creating filter chain: Ant [pattern='/css/**'], []
[23:35:57:550] - [restartedMain] [INFO] - o.s.s.web.DefaultSecurityFilterChain - Creating filter chain: Ant [pattern='/sign'], []
[23:35:57:550] - [restartedMain] [INFO] - o.s.s.web.DefaultSecurityFilterChain - Creating filter chain: Ant [pattern='/druid/**'], []
[23:35:57:576] - [restartedMain] [INFO] - o.s.s.web.DefaultSecurityFilterChain - Creating filter chain: any request, [org.springframework.security.web.context.request.async.WebAsyncManagerIntegrationFilter@1a4962a0, org.springframework.security.web.context.SecurityContextPersistenceFilter@4045985a, org.springframework.security.web.header.HeaderWriterFilter@3b188b5e, org.springframework.security.web.authentication.logout.LogoutFilter@2656d1bb, com.water76016.ourtask.config.security.jwt.JwtAuthTokenFilter@229e0e1, org.springframework.security.web.savedrequest.RequestCacheAwareFilter@1221f774, org.springframework.security.web.servletapi.SecurityContextHolderAwareRequestFilter@2e97f84d, org.springframework.security.web.authentication.AnonymousAuthenticationFilter@57cc4873, org.springframework.security.web.session.SessionManagementFilter@2cb7148e, org.springframework.security.web.access.ExceptionTranslationFilter@2a5a0dc3, org.springframework.security.web.access.intercept.FilterSecurityInterceptor@46d78eb6]
[23:35:57:682] - [restartedMain] [INFO] - o.s.s.c.ThreadPoolTaskExecutor - Initializing ExecutorService 'applicationTaskExecutor'
[23:35:57:720] - [restartedMain] [INFO] - o.s.b.d.a.OptionalLiveReloadServer - LiveReload server is running on port 35729
[23:35:58:012] - [restartedMain] [INFO] - o.s.s.c.ThreadPoolTaskScheduler - Initializing ExecutorService 'taskScheduler'
[23:35:58:070] - [restartedMain] [INFO] - o.a.coyote.http11.Http11NioProtocol - Starting ProtocolHandler ["http-nio-8888"]
[23:35:58:086] - [restartedMain] [INFO] - o.s.b.w.e.tomcat.TomcatWebServer - Tomcat started on port(s): 8888 (http) with context path ''
[23:35:58:386] - [restartedMain] [INFO] - c.w.ourtask.OurTaskApplication - Started OurTaskApplication in 6.236 seconds (JVM running for 7.654)
[23:35:58:870] - [RMI TCP Connection(1)-172.17.112.1] [INFO] - o.a.c.c.C.[Tomcat].[localhost].[/] - Initializing Spring DispatcherServlet 'dispatcherServlet'
[23:35:58:870] - [RMI TCP Connection(1)-172.17.112.1] [INFO] - o.s.web.servlet.DispatcherServlet - Initializing Servlet 'dispatcherServlet'
[23:35:58:876] - [RMI TCP Connection(1)-172.17.112.1] [INFO] - o.s.web.servlet.DispatcherServlet - Completed initialization in 6 ms
[23:35:59:385] - [RMI TCP Connection(3)-172.17.112.1] [INFO] - com.zaxxer.hikari.HikariDataSource - HikariPool-1 - Starting...
[23:35:59:494] - [RMI TCP Connection(3)-172.17.112.1] [INFO] - com.zaxxer.hikari.HikariDataSource - HikariPool-1 - Start completed.
