[15:36:56:929] - [restartedMain] [INFO] - c.w.ourtask.OurTaskApplication - Starting OurTaskApplication on LAPTOP-QUCGL4QE with PID 10184 (D:\study\java\our-task\java\target\classes started by daxingyong in D:\study\java\our-task\java)
[15:36:56:929] - [restartedMain] [INFO] - c.w.ourtask.OurTaskApplication - The following profiles are active: dev
[15:36:57:007] - [restartedMain] [INFO] - o.s.b.d.e.DevToolsPropertyDefaultsPostProcessor - Devtools property defaults active! Set 'spring.devtools.add-properties' to 'false' to disable
[15:36:57:007] - [restartedMain] [INFO] - o.s.b.d.e.DevToolsPropertyDefaultsPostProcessor - For additional web related logging consider setting the 'logging.level.web' property to 'DEBUG'
[15:36:58:335] - [restartedMain] [INFO] - o.s.d.r.c.RepositoryConfigurationDelegate - Multiple Spring Data modules found, entering strict repository configuration mode!
[15:36:58:335] - [restartedMain] [INFO] - o.s.d.r.c.RepositoryConfigurationDelegate - Bootstrapping Spring Data Redis repositories in DEFAULT mode.
[15:36:58:381] - [restartedMain] [INFO] - o.s.d.r.c.RepositoryConfigurationDelegate - Finished Spring Data repository scanning in 23ms. Found 0 Redis repository interfaces.
[15:36:58:959] - [restartedMain] [INFO] - o.s.b.w.e.tomcat.TomcatWebServer - Tomcat initialized with port(s): 8888 (http)
[15:36:58:975] - [restartedMain] [INFO] - o.a.coyote.http11.Http11NioProtocol - Initializing ProtocolHandler ["http-nio-8888"]
[15:36:58:975] - [restartedMain] [INFO] - o.a.catalina.core.StandardService - Starting service [Tomcat]
[15:36:58:975] - [restartedMain] [INFO] - o.a.catalina.core.StandardEngine - Starting Servlet engine: [Apache Tomcat/9.0.36]
[15:36:58:975] - [restartedMain] [INFO] - o.a.c.core.AprLifecycleListener - Loaded Apache Tomcat Native library [1.2.23] using APR version [1.7.0].
[15:36:58:975] - [restartedMain] [INFO] - o.a.c.core.AprLifecycleListener - APR capabilities: IPv6 [true], sendfile [true], accept filters [false], random [true].
[15:36:58:975] - [restartedMain] [INFO] - o.a.c.core.AprLifecycleListener - APR/OpenSSL configuration: useAprConnector [false], useOpenSSL [true]
[15:36:58:991] - [restartedMain] [INFO] - o.a.c.core.AprLifecycleListener - OpenSSL successfully initialized [OpenSSL 1.1.1c  28 May 2019]
[15:36:59:116] - [restartedMain] [INFO] - o.a.c.c.C.[Tomcat].[localhost].[/] - Initializing Spring embedded WebApplicationContext
[15:36:59:116] - [restartedMain] [INFO] - o.s.b.w.s.c.ServletWebServerApplicationContext - Root WebApplicationContext: initialization completed in 2109 ms
[15:37:00:834] - [restartedMain] [INFO] - o.s.b.a.e.web.EndpointLinksResolver - Exposing 2 endpoint(s) beneath base path '/actuator'
[15:37:00:975] - [restartedMain] [INFO] - o.s.s.web.DefaultSecurityFilterChain - Creating filter chain: Ant [pattern='/css/**'], []
[15:37:00:975] - [restartedMain] [INFO] - o.s.s.web.DefaultSecurityFilterChain - Creating filter chain: Ant [pattern='/sign'], []
[15:37:00:975] - [restartedMain] [INFO] - o.s.s.web.DefaultSecurityFilterChain - Creating filter chain: Ant [pattern='/druid/**'], []
[15:37:00:990] - [restartedMain] [INFO] - o.s.s.web.DefaultSecurityFilterChain - Creating filter chain: any request, [org.springframework.security.web.context.request.async.WebAsyncManagerIntegrationFilter@60e940a9, org.springframework.security.web.context.SecurityContextPersistenceFilter@12bf9e08, org.springframework.security.web.header.HeaderWriterFilter@75049388, org.springframework.security.web.authentication.logout.LogoutFilter@3e078e5, com.water76016.ourtask.config.security.jwt.JwtAuthTokenFilter@71a69b93, org.springframework.security.web.savedrequest.RequestCacheAwareFilter@2ee22886, org.springframework.security.web.servletapi.SecurityContextHolderAwareRequestFilter@37de44, org.springframework.security.web.authentication.AnonymousAuthenticationFilter@2128473, org.springframework.security.web.session.SessionManagementFilter@1b854acb, org.springframework.security.web.access.ExceptionTranslationFilter@38ceef49, org.springframework.security.web.access.intercept.FilterSecurityInterceptor@2d4b9318]
[15:37:01:068] - [restartedMain] [INFO] - o.s.s.c.ThreadPoolTaskExecutor - Initializing ExecutorService 'applicationTaskExecutor'
[15:37:01:099] - [restartedMain] [INFO] - o.s.b.d.a.OptionalLiveReloadServer - LiveReload server is running on port 35729
[15:37:01:365] - [restartedMain] [INFO] - o.s.s.c.ThreadPoolTaskScheduler - Initializing ExecutorService 'taskScheduler'
[15:37:01:412] - [restartedMain] [INFO] - o.a.coyote.http11.Http11NioProtocol - Starting ProtocolHandler ["http-nio-8888"]
[15:37:01:428] - [restartedMain] [INFO] - o.s.b.w.e.tomcat.TomcatWebServer - Tomcat started on port(s): 8888 (http) with context path ''
[15:37:01:693] - [restartedMain] [INFO] - c.w.ourtask.OurTaskApplication - Started OurTaskApplication in 5.474 seconds (JVM running for 6.773)
[15:37:02:146] - [RMI TCP Connection(1)-172.17.112.1] [INFO] - o.a.c.c.C.[Tomcat].[localhost].[/] - Initializing Spring DispatcherServlet 'dispatcherServlet'
[15:37:02:146] - [RMI TCP Connection(1)-172.17.112.1] [INFO] - o.s.web.servlet.DispatcherServlet - Initializing Servlet 'dispatcherServlet'
[15:37:02:146] - [RMI TCP Connection(1)-172.17.112.1] [INFO] - o.s.web.servlet.DispatcherServlet - Completed initialization in 0 ms
[15:37:02:943] - [RMI TCP Connection(3)-172.17.112.1] [INFO] - c.alibaba.druid.pool.DruidDataSource - {dataSource-1} inited
